


ARM Macro Assembler    Page 1 


    1 00000000         ; my first ARM asm file
    2 00000000         
    3 00000000                 AREA             SimpleProject,CODE,READONLY
    4 00000000                 ENTRY
    5 00000000                 EXPORT           __main
    6 00000000         __main
    7 00000000 F04F 0301       MOV              r3,#0x1
    8 00000004 F04F 0401       MOV              r4,#0x1
    9 00000008 EB03 0504       ADD              r5,r3,r4
   10 0000000C         stop
   11 0000000C E7FE            b                stop
   12 0000000E                 END
Command Line: --debug --xref --diag_suppress=9931 --cpu=Cortex-M4.fp --apcs=int
erwork --depend=.\objects\main.d -o.\objects\main.o -I.\RTE\_ARM_Cortex -IC:\Us
ers\User\AppData\Local\Arm\Packs\ARM\CMSIS\5.5.1\CMSIS\Core\Include -IC:\Users\
User\AppData\Local\Arm\Packs\Keil\STM32F4xx_DFP\2.14.0\Drivers\CMSIS\Device\ST\
STM32F4xx\Include --predefine="__EVAL SETA 1" --predefine="__MICROLIB SETA 1" -
-predefine="__UVISION_VERSION SETA 528" --predefine="_RTE_ SETA 1" --predefine=
"STM32F411xE SETA 1" --list=.\listings\main.lst main.s



ARM Macro Assembler    Page 1 Alphabetic symbol ordering
Relocatable symbols

SimpleProject 00000000

Symbol: SimpleProject
   Definitions
      At line 3 in file main.s
   Uses
      None
Comment: SimpleProject unused
__main 00000000

Symbol: __main
   Definitions
      At line 6 in file main.s
   Uses
      At line 5 in file main.s
Comment: __main used once
stop 0000000C

Symbol: stop
   Definitions
      At line 10 in file main.s
   Uses
      At line 11 in file main.s
Comment: stop used once
3 symbols
339 symbols in table
